<?xml version="1.0" encoding="UTF-8"?>
<!-- Generated by org.testng.reporters.JUnitXMLReporter -->
<testsuite hostname="KisanAbhi-PC" name="Test three(failed)" tests="1" failures="1" timestamp="7 May 2018 08:15:27 GMT" time="81.652" errors="0">
  <testcase name="SendTextMessageToAdmin" time="46.6" classname="com.kisan.kisannet.testscripts.SendTextMessageToAdmin">
    <failure type="org.openqa.selenium.NoSuchElementException" message="An element could not be located on the page using the given search parameters. (WARNING: The server did not provide any stacktrace information)
Command duration or timeout: 0 milliseconds
For documentation on this error, please visit: http://seleniumhq.org/exceptions/no_such_element.html
Build info: version: &amp;apos;3.10.0&amp;apos;, revision: &amp;apos;176b4a9&amp;apos;, time: &amp;apos;2018-03-02T19:03:16.397Z&amp;apos;
System info: host: &amp;apos;KISANABHI-PC&amp;apos;, ip: &amp;apos;192.168.1.2&amp;apos;, os.name: &amp;apos;Windows 7&amp;apos;, os.arch: &amp;apos;amd64&amp;apos;, os.version: &amp;apos;6.1&amp;apos;, java.version: &amp;apos;1.8.0_144&amp;apos;
Driver info: io.appium.java_client.android.AndroidDriver
Capabilities {appActivity: com.kisan.samvaad.NewDashbo..., appPackage: com.kisan.samvaad.test, databaseEnabled: false, desired: {appActivity: com.kisan.samvaad.NewDashbo..., appPackage: com.kisan.samvaad.test, deviceName: PixelV1, newCommandTimeout: 1840, noReset: true, platformName: android, platformVersion: 6.0}, deviceManufacturer: LAVA, deviceModel: PixelV1, deviceName: 192.168.1.3:5555, deviceScreenSize: 720x1280, deviceUDID: 192.168.1.3:5555, javascriptEnabled: true, locationContextEnabled: false, networkConnectionEnabled: true, newCommandTimeout: 1840, noReset: true, platform: LINUX, platformName: LINUX, platformVersion: 6.0, takesScreenshot: true, warnings: {}, webStorageEnabled: false}
Session ID: a9d50040-8971-4656-a0b1-678ee27763a4
*** Element info: {Using=id, value=com.kisan.samvaad.test:id/textViewMessage}">
      <![CDATA[org.openqa.selenium.NoSuchElementException: An element could not be located on the page using the given search parameters. (WARNING: The server did not provide any stacktrace information)
Command duration or timeout: 0 milliseconds
For documentation on this error, please visit: http://seleniumhq.org/exceptions/no_such_element.html
Build info: version: '3.10.0', revision: '176b4a9', time: '2018-03-02T19:03:16.397Z'
System info: host: 'KISANABHI-PC', ip: '192.168.1.2', os.name: 'Windows 7', os.arch: 'amd64', os.version: '6.1', java.version: '1.8.0_144'
Driver info: io.appium.java_client.android.AndroidDriver
Capabilities {appActivity: com.kisan.samvaad.NewDashbo..., appPackage: com.kisan.samvaad.test, databaseEnabled: false, desired: {appActivity: com.kisan.samvaad.NewDashbo..., appPackage: com.kisan.samvaad.test, deviceName: PixelV1, newCommandTimeout: 1840, noReset: true, platformName: android, platformVersion: 6.0}, deviceManufacturer: LAVA, deviceModel: PixelV1, deviceName: 192.168.1.3:5555, deviceScreenSize: 720x1280, deviceUDID: 192.168.1.3:5555, javascriptEnabled: true, locationContextEnabled: false, networkConnectionEnabled: true, newCommandTimeout: 1840, noReset: true, platform: LINUX, platformName: LINUX, platformVersion: 6.0, takesScreenshot: true, warnings: {}, webStorageEnabled: false}
Session ID: a9d50040-8971-4656-a0b1-678ee27763a4
*** Element info: {Using=id, value=com.kisan.samvaad.test:id/textViewMessage}
	at org.openqa.selenium.remote.ErrorHandler.createThrowable(ErrorHandler.java:214)
	at org.openqa.selenium.remote.ErrorHandler.throwIfResponseFailed(ErrorHandler.java:166)
	at org.openqa.selenium.remote.http.JsonHttpResponseCodec.reconstructValue(JsonHttpResponseCodec.java:40)
	at org.openqa.selenium.remote.http.AbstractHttpResponseCodec.decode(AbstractHttpResponseCodec.java:80)
	at org.openqa.selenium.remote.http.AbstractHttpResponseCodec.decode(AbstractHttpResponseCodec.java:44)
	at org.openqa.selenium.remote.HttpCommandExecutor.execute(HttpCommandExecutor.java:160)
	at io.appium.java_client.remote.AppiumCommandExecutor.execute(AppiumCommandExecutor.java:89)
	at org.openqa.selenium.remote.RemoteWebDriver.execute(RemoteWebDriver.java:601)
	at io.appium.java_client.DefaultGenericMobileDriver.execute(DefaultGenericMobileDriver.java:42)
	at io.appium.java_client.AppiumDriver.execute(AppiumDriver.java:1)
	at io.appium.java_client.android.AndroidDriver.execute(AndroidDriver.java:1)
	at org.openqa.selenium.remote.RemoteWebDriver.findElement(RemoteWebDriver.java:371)
	at io.appium.java_client.DefaultGenericMobileDriver.findElement(DefaultGenericMobileDriver.java:62)
	at io.appium.java_client.AppiumDriver.findElement(AppiumDriver.java:1)
	at io.appium.java_client.android.AndroidDriver.findElement(AndroidDriver.java:1)
	at org.openqa.selenium.remote.RemoteWebDriver.findElementById(RemoteWebDriver.java:417)
	at io.appium.java_client.DefaultGenericMobileDriver.findElementById(DefaultGenericMobileDriver.java:70)
	at io.appium.java_client.AppiumDriver.findElementById(AppiumDriver.java:1)
	at io.appium.java_client.android.AndroidDriver.findElementById(AndroidDriver.java:1)
	at org.openqa.selenium.By$ById.findElement(By.java:218)
	at org.openqa.selenium.remote.RemoteWebDriver.findElement(RemoteWebDriver.java:363)
	at io.appium.java_client.DefaultGenericMobileDriver.findElement(DefaultGenericMobileDriver.java:58)
	at io.appium.java_client.AppiumDriver.findElement(AppiumDriver.java:1)
	at io.appium.java_client.android.AndroidDriver.findElement(AndroidDriver.java:1)
	at com.kisan.kisannet.helper.Wait.WaitHelper.waitForElementClickable(WaitHelper.java:71)
	at com.kisan.kisannet.pagelibrary.ChannelChatWindow.getLatestMessage(ChannelChatWindow.java:77)
	at com.kisan.kisannet.testscripts.SendTextMessageToAdmin.SendTextMessageToAdmin(SendTextMessageToAdmin.java:33)
... Removed 28 stack frames]]>
    </failure>
  </testcase> <!-- SendTextMessageToAdmin -->
</testsuite> <!-- Test three(failed) -->
