<?xml version="1.0" encoding="UTF-8"?>
<!-- Generated by org.testng.reporters.JUnitXMLReporter -->
<testsuite hostname="KisanAbhi-PC" name="Test(failed)(failed)(failed)" tests="6" failures="4" timestamp="15 Jun 2018 09:42:42 GMT" time="362.854" errors="0">
  <testcase name="sendTextMessageToFollower" time="40.219" classname="com.kisan.kisannet.testscripts.SendTextMessageToFollowers"/>
  <testcase name="changeLanguage" time="8.297" classname="com.kisan.kisannet.testscripts.ChangeLanguage"/>
  <testcase name="sendImageToFollower" time="39.71" classname="com.kisan.kisannet.testscripts.SendLocationToFollowers">
    <failure type="org.openqa.selenium.TimeoutException" message="Expected condition failed: waiting for visibility of element located by By.xpath: //android.widget.TextView[@resource-id=&amp;apos;com.kisan.samvaad.test:id/textViewCommunityName&amp;apos;] (tried for 10 second(s) with 500 milliseconds interval)">
      <![CDATA[org.openqa.selenium.TimeoutException: Expected condition failed: waiting for visibility of element located by By.xpath: //android.widget.TextView[@resource-id='com.kisan.samvaad.test:id/textViewCommunityName'] (tried for 10 second(s) with 500 milliseconds interval)
	at org.openqa.selenium.support.ui.WebDriverWait.timeoutException(WebDriverWait.java:81)
	at org.openqa.selenium.support.ui.FluentWait.until(FluentWait.java:271)
	at com.kisan.kisannet.helper.Wait.WaitHelper.waitForElementVisible(WaitHelper.java:55)
	at com.kisan.kisannet.pagelibrary.MyChat.clickOnSearchedChannel(MyChat.java:125)
	at com.kisan.kisannet.testBase.TestBase.navigateToAdminsChannel(TestBase.java:208)
	at com.kisan.kisannet.testscripts.SendLocationToFollowers.sendImageToFollower(SendLocationToFollowers.java:32)
Caused by: org.openqa.selenium.NoSuchElementException: Cannot locate an element using By.xpath: //android.widget.TextView[@resource-id='com.kisan.samvaad.test:id/textViewCommunityName']
For documentation on this error, please visit: http://seleniumhq.org/exceptions/no_such_element.html
Build info: version: '3.12.0', revision: '7c6e0b3', time: '2018-05-08T14:04:26.12Z'
System info: host: 'KISANABHI-PC', ip: '192.168.1.3', os.name: 'Windows 7', os.arch: 'amd64', os.version: '6.1', java.version: '1.8.0_144'
Driver info: driver.version: unknown
	at org.openqa.selenium.support.ui.ExpectedConditions.lambda$findElement$0(ExpectedConditions.java:896)
	at java.util.Optional.orElseThrow(Optional.java:290)
	at org.openqa.selenium.support.ui.ExpectedConditions.findElement(ExpectedConditions.java:895)
	at org.openqa.selenium.support.ui.ExpectedConditions.access$000(ExpectedConditions.java:44)
	at org.openqa.selenium.support.ui.ExpectedConditions$7.apply(ExpectedConditions.java:206)
	at org.openqa.selenium.support.ui.ExpectedConditions$7.apply(ExpectedConditions.java:202)
	at org.openqa.selenium.support.ui.FluentWait.until(FluentWait.java:248)
	... 28 more
... Removed 24 stack frames]]>
    </failure>
  </testcase> <!-- sendImageToFollower -->
  <testcase name="sendImageToFollower" time="53.839" classname="com.kisan.kisannet.testscripts.SendImageToFollowers">
    <failure type="org.openqa.selenium.NoSuchElementException" message="An element could not be located on the page using the given search parameters. (WARNING: The server did not provide any stacktrace information)
Command duration or timeout: 0 milliseconds
For documentation on this error, please visit: http://seleniumhq.org/exceptions/no_such_element.html
Build info: version: &amp;apos;3.12.0&amp;apos;, revision: &amp;apos;7c6e0b3&amp;apos;, time: &amp;apos;2018-05-08T14:04:26.12Z&amp;apos;
System info: host: &amp;apos;KISANABHI-PC&amp;apos;, ip: &amp;apos;192.168.1.3&amp;apos;, os.name: &amp;apos;Windows 7&amp;apos;, os.arch: &amp;apos;amd64&amp;apos;, os.version: &amp;apos;6.1&amp;apos;, java.version: &amp;apos;1.8.0_144&amp;apos;
Driver info: io.appium.java_client.android.AndroidDriver
Capabilities {appActivity: com.kisan.samvaad.NewDashbo..., appPackage: com.kisan.samvaad.test, databaseEnabled: false, desired: {appActivity: com.kisan.samvaad.NewDashbo..., appPackage: com.kisan.samvaad.test, deviceName: PixelV1, newCommandTimeout: 1840, noReset: true, platformName: Android, platformVersion: 6.0}, deviceManufacturer: LAVA, deviceModel: PixelV1, deviceName: 28A4AA26IA40CI2, deviceScreenSize: 720x1280, deviceUDID: 28A4AA26IA40CI2, javascriptEnabled: true, locationContextEnabled: false, networkConnectionEnabled: true, newCommandTimeout: 1840, noReset: true, platform: LINUX, platformName: LINUX, platformVersion: 6.0, takesScreenshot: true, warnings: {}, webStorageEnabled: false}
Session ID: 93dcc69a-f88e-46c4-82b7-0fd4d45ff334
*** Element info: {Using=id, value=com.kisan.samvaad.test:id/floatingActionButtonGoToChat}">
      <![CDATA[org.openqa.selenium.NoSuchElementException: An element could not be located on the page using the given search parameters. (WARNING: The server did not provide any stacktrace information)
Command duration or timeout: 0 milliseconds
For documentation on this error, please visit: http://seleniumhq.org/exceptions/no_such_element.html
Build info: version: '3.12.0', revision: '7c6e0b3', time: '2018-05-08T14:04:26.12Z'
System info: host: 'KISANABHI-PC', ip: '192.168.1.3', os.name: 'Windows 7', os.arch: 'amd64', os.version: '6.1', java.version: '1.8.0_144'
Driver info: io.appium.java_client.android.AndroidDriver
Capabilities {appActivity: com.kisan.samvaad.NewDashbo..., appPackage: com.kisan.samvaad.test, databaseEnabled: false, desired: {appActivity: com.kisan.samvaad.NewDashbo..., appPackage: com.kisan.samvaad.test, deviceName: PixelV1, newCommandTimeout: 1840, noReset: true, platformName: Android, platformVersion: 6.0}, deviceManufacturer: LAVA, deviceModel: PixelV1, deviceName: 28A4AA26IA40CI2, deviceScreenSize: 720x1280, deviceUDID: 28A4AA26IA40CI2, javascriptEnabled: true, locationContextEnabled: false, networkConnectionEnabled: true, newCommandTimeout: 1840, noReset: true, platform: LINUX, platformName: LINUX, platformVersion: 6.0, takesScreenshot: true, warnings: {}, webStorageEnabled: false}
Session ID: 93dcc69a-f88e-46c4-82b7-0fd4d45ff334
*** Element info: {Using=id, value=com.kisan.samvaad.test:id/floatingActionButtonGoToChat}
	at org.openqa.selenium.remote.ErrorHandler.createThrowable(ErrorHandler.java:214)
	at org.openqa.selenium.remote.ErrorHandler.throwIfResponseFailed(ErrorHandler.java:166)
	at org.openqa.selenium.remote.http.JsonHttpResponseCodec.reconstructValue(JsonHttpResponseCodec.java:40)
	at org.openqa.selenium.remote.http.AbstractHttpResponseCodec.decode(AbstractHttpResponseCodec.java:80)
	at org.openqa.selenium.remote.http.AbstractHttpResponseCodec.decode(AbstractHttpResponseCodec.java:44)
	at org.openqa.selenium.remote.HttpCommandExecutor.execute(HttpCommandExecutor.java:158)
	at io.appium.java_client.remote.AppiumCommandExecutor.execute(AppiumCommandExecutor.java:218)
	at org.openqa.selenium.remote.RemoteWebDriver.execute(RemoteWebDriver.java:543)
	at io.appium.java_client.DefaultGenericMobileDriver.execute(DefaultGenericMobileDriver.java:42)
	at io.appium.java_client.AppiumDriver.execute(AppiumDriver.java:1)
	at io.appium.java_client.android.AndroidDriver.execute(AndroidDriver.java:1)
	at org.openqa.selenium.remote.RemoteWebDriver.findElement(RemoteWebDriver.java:317)
	at io.appium.java_client.DefaultGenericMobileDriver.findElement(DefaultGenericMobileDriver.java:62)
	at io.appium.java_client.AppiumDriver.findElement(AppiumDriver.java:1)
	at io.appium.java_client.android.AndroidDriver.findElement(AndroidDriver.java:1)
	at org.openqa.selenium.remote.RemoteWebDriver.findElementById(RemoteWebDriver.java:363)
	at io.appium.java_client.DefaultGenericMobileDriver.findElementById(DefaultGenericMobileDriver.java:70)
	at io.appium.java_client.AppiumDriver.findElementById(AppiumDriver.java:1)
	at io.appium.java_client.android.AndroidDriver.findElementById(AndroidDriver.java:1)
	at org.openqa.selenium.By$ById.findElement(By.java:188)
	at org.openqa.selenium.remote.RemoteWebDriver.findElement(RemoteWebDriver.java:309)
	at io.appium.java_client.DefaultGenericMobileDriver.findElement(DefaultGenericMobileDriver.java:58)
	at io.appium.java_client.AppiumDriver.findElement(AppiumDriver.java:1)
	at io.appium.java_client.android.AndroidDriver.findElement(AndroidDriver.java:1)
	at com.kisan.kisannet.helper.Wait.WaitHelper.waitForElementClickable(WaitHelper.java:71)
	at com.kisan.kisannet.pagelibrary.ChannelDashboard.clickOnNewMessageButtonForAdmin(ChannelDashboard.java:50)
	at com.kisan.kisannet.testBase.TestBase.navigateToAdminsChannel(TestBase.java:210)
	at com.kisan.kisannet.testscripts.SendImageToFollowers.sendImageToFollower(SendImageToFollowers.java:33)
... Removed 28 stack frames]]>
    </failure>
  </testcase> <!-- sendImageToFollower -->
  <testcase name="sendImageToFollower" time="62.807" classname="com.kisan.kisannet.testscripts.SendAudioToFollowers">
    <failure type="org.openqa.selenium.NoSuchElementException" message="An element could not be located on the page using the given search parameters. (WARNING: The server did not provide any stacktrace information)
Command duration or timeout: 0 milliseconds
For documentation on this error, please visit: http://seleniumhq.org/exceptions/no_such_element.html
Build info: version: &amp;apos;3.12.0&amp;apos;, revision: &amp;apos;7c6e0b3&amp;apos;, time: &amp;apos;2018-05-08T14:04:26.12Z&amp;apos;
System info: host: &amp;apos;KISANABHI-PC&amp;apos;, ip: &amp;apos;192.168.1.3&amp;apos;, os.name: &amp;apos;Windows 7&amp;apos;, os.arch: &amp;apos;amd64&amp;apos;, os.version: &amp;apos;6.1&amp;apos;, java.version: &amp;apos;1.8.0_144&amp;apos;
Driver info: io.appium.java_client.android.AndroidDriver
Capabilities {appActivity: com.kisan.samvaad.NewDashbo..., appPackage: com.kisan.samvaad.test, databaseEnabled: false, desired: {appActivity: com.kisan.samvaad.NewDashbo..., appPackage: com.kisan.samvaad.test, deviceName: PixelV1, newCommandTimeout: 1840, noReset: true, platformName: Android, platformVersion: 6.0}, deviceManufacturer: LAVA, deviceModel: PixelV1, deviceName: 28A4AA26IA40CI2, deviceScreenSize: 720x1280, deviceUDID: 28A4AA26IA40CI2, javascriptEnabled: true, locationContextEnabled: false, networkConnectionEnabled: true, newCommandTimeout: 1840, noReset: true, platform: LINUX, platformName: LINUX, platformVersion: 6.0, takesScreenshot: true, warnings: {}, webStorageEnabled: false}
Session ID: 9652304f-d3b1-4699-96c5-2d517b4d7445
*** Element info: {Using=id, value=com.kisan.samvaad.test:id/action_attach}">
      <![CDATA[org.openqa.selenium.NoSuchElementException: An element could not be located on the page using the given search parameters. (WARNING: The server did not provide any stacktrace information)
Command duration or timeout: 0 milliseconds
For documentation on this error, please visit: http://seleniumhq.org/exceptions/no_such_element.html
Build info: version: '3.12.0', revision: '7c6e0b3', time: '2018-05-08T14:04:26.12Z'
System info: host: 'KISANABHI-PC', ip: '192.168.1.3', os.name: 'Windows 7', os.arch: 'amd64', os.version: '6.1', java.version: '1.8.0_144'
Driver info: io.appium.java_client.android.AndroidDriver
Capabilities {appActivity: com.kisan.samvaad.NewDashbo..., appPackage: com.kisan.samvaad.test, databaseEnabled: false, desired: {appActivity: com.kisan.samvaad.NewDashbo..., appPackage: com.kisan.samvaad.test, deviceName: PixelV1, newCommandTimeout: 1840, noReset: true, platformName: Android, platformVersion: 6.0}, deviceManufacturer: LAVA, deviceModel: PixelV1, deviceName: 28A4AA26IA40CI2, deviceScreenSize: 720x1280, deviceUDID: 28A4AA26IA40CI2, javascriptEnabled: true, locationContextEnabled: false, networkConnectionEnabled: true, newCommandTimeout: 1840, noReset: true, platform: LINUX, platformName: LINUX, platformVersion: 6.0, takesScreenshot: true, warnings: {}, webStorageEnabled: false}
Session ID: 9652304f-d3b1-4699-96c5-2d517b4d7445
*** Element info: {Using=id, value=com.kisan.samvaad.test:id/action_attach}
	at org.openqa.selenium.remote.ErrorHandler.createThrowable(ErrorHandler.java:214)
	at org.openqa.selenium.remote.ErrorHandler.throwIfResponseFailed(ErrorHandler.java:166)
	at org.openqa.selenium.remote.http.JsonHttpResponseCodec.reconstructValue(JsonHttpResponseCodec.java:40)
	at org.openqa.selenium.remote.http.AbstractHttpResponseCodec.decode(AbstractHttpResponseCodec.java:80)
	at org.openqa.selenium.remote.http.AbstractHttpResponseCodec.decode(AbstractHttpResponseCodec.java:44)
	at org.openqa.selenium.remote.HttpCommandExecutor.execute(HttpCommandExecutor.java:158)
	at io.appium.java_client.remote.AppiumCommandExecutor.execute(AppiumCommandExecutor.java:218)
	at org.openqa.selenium.remote.RemoteWebDriver.execute(RemoteWebDriver.java:543)
	at io.appium.java_client.DefaultGenericMobileDriver.execute(DefaultGenericMobileDriver.java:42)
	at io.appium.java_client.AppiumDriver.execute(AppiumDriver.java:1)
	at io.appium.java_client.android.AndroidDriver.execute(AndroidDriver.java:1)
	at org.openqa.selenium.remote.RemoteWebDriver.findElement(RemoteWebDriver.java:317)
	at io.appium.java_client.DefaultGenericMobileDriver.findElement(DefaultGenericMobileDriver.java:62)
	at io.appium.java_client.AppiumDriver.findElement(AppiumDriver.java:1)
	at io.appium.java_client.android.AndroidDriver.findElement(AndroidDriver.java:1)
	at org.openqa.selenium.remote.RemoteWebDriver.findElementById(RemoteWebDriver.java:363)
	at io.appium.java_client.DefaultGenericMobileDriver.findElementById(DefaultGenericMobileDriver.java:70)
	at io.appium.java_client.AppiumDriver.findElementById(AppiumDriver.java:1)
	at io.appium.java_client.android.AndroidDriver.findElementById(AndroidDriver.java:1)
	at org.openqa.selenium.By$ById.findElement(By.java:188)
	at org.openqa.selenium.remote.RemoteWebDriver.findElement(RemoteWebDriver.java:309)
	at io.appium.java_client.DefaultGenericMobileDriver.findElement(DefaultGenericMobileDriver.java:58)
	at io.appium.java_client.AppiumDriver.findElement(AppiumDriver.java:1)
	at io.appium.java_client.android.AndroidDriver.findElement(AndroidDriver.java:1)
	at com.kisan.kisannet.helper.Wait.WaitHelper.waitForElementClickable(WaitHelper.java:71)
	at com.kisan.kisannet.pagelibrary.ChannelChatWindow.clickOnSendAudio(ChannelChatWindow.java:182)
	at com.kisan.kisannet.testscripts.SendAudioToFollowers.sendImageToFollower(SendAudioToFollowers.java:37)
... Removed 28 stack frames]]>
    </failure>
  </testcase> <!-- sendImageToFollower -->
  <testcase name="sendImageToFollower" time="59.532" classname="com.kisan.kisannet.testscripts.SendVideoToFollowers">
    <failure type="org.openqa.selenium.NoSuchElementException" message="An element could not be located on the page using the given search parameters. (WARNING: The server did not provide any stacktrace information)
Command duration or timeout: 0 milliseconds
For documentation on this error, please visit: http://seleniumhq.org/exceptions/no_such_element.html
Build info: version: &amp;apos;3.12.0&amp;apos;, revision: &amp;apos;7c6e0b3&amp;apos;, time: &amp;apos;2018-05-08T14:04:26.12Z&amp;apos;
System info: host: &amp;apos;KISANABHI-PC&amp;apos;, ip: &amp;apos;192.168.1.3&amp;apos;, os.name: &amp;apos;Windows 7&amp;apos;, os.arch: &amp;apos;amd64&amp;apos;, os.version: &amp;apos;6.1&amp;apos;, java.version: &amp;apos;1.8.0_144&amp;apos;
Driver info: io.appium.java_client.android.AndroidDriver
Capabilities {appActivity: com.kisan.samvaad.NewDashbo..., appPackage: com.kisan.samvaad.test, databaseEnabled: false, desired: {appActivity: com.kisan.samvaad.NewDashbo..., appPackage: com.kisan.samvaad.test, deviceName: PixelV1, newCommandTimeout: 1840, noReset: true, platformName: Android, platformVersion: 6.0}, deviceManufacturer: LAVA, deviceModel: PixelV1, deviceName: 28A4AA26IA40CI2, deviceScreenSize: 720x1280, deviceUDID: 28A4AA26IA40CI2, javascriptEnabled: true, locationContextEnabled: false, networkConnectionEnabled: true, newCommandTimeout: 1840, noReset: true, platform: LINUX, platformName: LINUX, platformVersion: 6.0, takesScreenshot: true, warnings: {}, webStorageEnabled: false}
Session ID: 99e0734d-caa9-4ad2-be8e-2f9e69cf3009
*** Element info: {Using=id, value=com.kisan.samvaad.test:id/floatingActionButtonGoToChat}">
      <![CDATA[org.openqa.selenium.NoSuchElementException: An element could not be located on the page using the given search parameters. (WARNING: The server did not provide any stacktrace information)
Command duration or timeout: 0 milliseconds
For documentation on this error, please visit: http://seleniumhq.org/exceptions/no_such_element.html
Build info: version: '3.12.0', revision: '7c6e0b3', time: '2018-05-08T14:04:26.12Z'
System info: host: 'KISANABHI-PC', ip: '192.168.1.3', os.name: 'Windows 7', os.arch: 'amd64', os.version: '6.1', java.version: '1.8.0_144'
Driver info: io.appium.java_client.android.AndroidDriver
Capabilities {appActivity: com.kisan.samvaad.NewDashbo..., appPackage: com.kisan.samvaad.test, databaseEnabled: false, desired: {appActivity: com.kisan.samvaad.NewDashbo..., appPackage: com.kisan.samvaad.test, deviceName: PixelV1, newCommandTimeout: 1840, noReset: true, platformName: Android, platformVersion: 6.0}, deviceManufacturer: LAVA, deviceModel: PixelV1, deviceName: 28A4AA26IA40CI2, deviceScreenSize: 720x1280, deviceUDID: 28A4AA26IA40CI2, javascriptEnabled: true, locationContextEnabled: false, networkConnectionEnabled: true, newCommandTimeout: 1840, noReset: true, platform: LINUX, platformName: LINUX, platformVersion: 6.0, takesScreenshot: true, warnings: {}, webStorageEnabled: false}
Session ID: 99e0734d-caa9-4ad2-be8e-2f9e69cf3009
*** Element info: {Using=id, value=com.kisan.samvaad.test:id/floatingActionButtonGoToChat}
	at org.openqa.selenium.remote.ErrorHandler.createThrowable(ErrorHandler.java:214)
	at org.openqa.selenium.remote.ErrorHandler.throwIfResponseFailed(ErrorHandler.java:166)
	at org.openqa.selenium.remote.http.JsonHttpResponseCodec.reconstructValue(JsonHttpResponseCodec.java:40)
	at org.openqa.selenium.remote.http.AbstractHttpResponseCodec.decode(AbstractHttpResponseCodec.java:80)
	at org.openqa.selenium.remote.http.AbstractHttpResponseCodec.decode(AbstractHttpResponseCodec.java:44)
	at org.openqa.selenium.remote.HttpCommandExecutor.execute(HttpCommandExecutor.java:158)
	at io.appium.java_client.remote.AppiumCommandExecutor.execute(AppiumCommandExecutor.java:218)
	at org.openqa.selenium.remote.RemoteWebDriver.execute(RemoteWebDriver.java:543)
	at io.appium.java_client.DefaultGenericMobileDriver.execute(DefaultGenericMobileDriver.java:42)
	at io.appium.java_client.AppiumDriver.execute(AppiumDriver.java:1)
	at io.appium.java_client.android.AndroidDriver.execute(AndroidDriver.java:1)
	at org.openqa.selenium.remote.RemoteWebDriver.findElement(RemoteWebDriver.java:317)
	at io.appium.java_client.DefaultGenericMobileDriver.findElement(DefaultGenericMobileDriver.java:62)
	at io.appium.java_client.AppiumDriver.findElement(AppiumDriver.java:1)
	at io.appium.java_client.android.AndroidDriver.findElement(AndroidDriver.java:1)
	at org.openqa.selenium.remote.RemoteWebDriver.findElementById(RemoteWebDriver.java:363)
	at io.appium.java_client.DefaultGenericMobileDriver.findElementById(DefaultGenericMobileDriver.java:70)
	at io.appium.java_client.AppiumDriver.findElementById(AppiumDriver.java:1)
	at io.appium.java_client.android.AndroidDriver.findElementById(AndroidDriver.java:1)
	at org.openqa.selenium.By$ById.findElement(By.java:188)
	at org.openqa.selenium.remote.RemoteWebDriver.findElement(RemoteWebDriver.java:309)
	at io.appium.java_client.DefaultGenericMobileDriver.findElement(DefaultGenericMobileDriver.java:58)
	at io.appium.java_client.AppiumDriver.findElement(AppiumDriver.java:1)
	at io.appium.java_client.android.AndroidDriver.findElement(AndroidDriver.java:1)
	at com.kisan.kisannet.helper.Wait.WaitHelper.waitForElementClickable(WaitHelper.java:71)
	at com.kisan.kisannet.pagelibrary.ChannelDashboard.clickOnNewMessageButtonForAdmin(ChannelDashboard.java:50)
	at com.kisan.kisannet.testBase.TestBase.navigateToAdminsChannel(TestBase.java:210)
	at com.kisan.kisannet.testscripts.SendVideoToFollowers.sendImageToFollower(SendVideoToFollowers.java:36)
... Removed 27 stack frames]]>
    </failure>
  </testcase> <!-- sendImageToFollower -->
</testsuite> <!-- Test(failed)(failed)(failed) -->
